Start testing: Apr 11 23:26 CEST
----------------------------------------------------------
1/1 Testing: AllTests
1/1 Test: AllTests
Command: "/home/endershade/Projects/raspberry-network-guardian/build/test_runner"
Directory: /home/endershade/Projects/raspberry-network-guardian/build
"AllTests" start time: Apr 11 23:26 CEST
Output:
----------------------------------------------------------
Running tests...
All tests passed!
<end of output>
Test time =   0.01 sec
----------------------------------------------------------
Test Passed.
"AllTests" end time: Apr 11 23:26 CEST
"AllTests" time elapsed: 00:00:00
----------------------------------------------------------

End testing: Apr 11 23:26 CEST
