Start testing: May 10 01:38 CEST
----------------------------------------------------------
1/15 Testing: ConnectionTest.DefaultClosedState
1/15 Test: ConnectionTest.DefaultClosedState
Command: "/home/endershade/Projects/raspberry-network-guardian/build/test_runner" "--gtest_filter=ConnectionTest.DefaultClosedState" "--gtest_also_run_disabled_tests"
Directory: /home/endershade/Projects/raspberry-network-guardian/build
"ConnectionTest.DefaultClosedState" start time: May 10 01:38 CEST
Output:
----------------------------------------------------------
Running main() from /home/endershade/Projects/raspberry-network-guardian/build/_deps/googletest-src/googletest/src/gtest_main.cc
Note: Google Test filter = ConnectionTest.DefaultClosedState
[==========] Running 1 test from 1 test suite.
[----------] Global test environment set-up.
[----------] 1 test from ConnectionTest
[ RUN      ] ConnectionTest.DefaultClosedState
[       OK ] ConnectionTest.DefaultClosedState (0 ms)
[----------] 1 test from ConnectionTest (0 ms total)

[----------] Global test environment tear-down
[==========] 1 test from 1 test suite ran. (0 ms total)
[  PASSED  ] 1 test.
<end of output>
Test time =   0.00 sec
----------------------------------------------------------
Test Passed.
"ConnectionTest.DefaultClosedState" end time: May 10 01:38 CEST
"ConnectionTest.DefaultClosedState" time elapsed: 00:00:00
----------------------------------------------------------

2/15 Testing: ConnectionTest.EstablishedState
2/15 Test: ConnectionTest.EstablishedState
Command: "/home/endershade/Projects/raspberry-network-guardian/build/test_runner" "--gtest_filter=ConnectionTest.EstablishedState" "--gtest_also_run_disabled_tests"
Directory: /home/endershade/Projects/raspberry-network-guardian/build
"ConnectionTest.EstablishedState" start time: May 10 01:38 CEST
Output:
----------------------------------------------------------
Running main() from /home/endershade/Projects/raspberry-network-guardian/build/_deps/googletest-src/googletest/src/gtest_main.cc
Note: Google Test filter = ConnectionTest.EstablishedState
[==========] Running 1 test from 1 test suite.
[----------] Global test environment set-up.
[----------] 1 test from ConnectionTest
[ RUN      ] ConnectionTest.EstablishedState
[       OK ] ConnectionTest.EstablishedState (0 ms)
[----------] 1 test from ConnectionTest (0 ms total)

[----------] Global test environment tear-down
[==========] 1 test from 1 test suite ran. (0 ms total)
[  PASSED  ] 1 test.
<end of output>
Test time =   0.00 sec
----------------------------------------------------------
Test Passed.
"ConnectionTest.EstablishedState" end time: May 10 01:38 CEST
"ConnectionTest.EstablishedState" time elapsed: 00:00:00
----------------------------------------------------------

3/15 Testing: ConnectionTrackerTest.CreatesNewConnectionOnSYN
3/15 Test: ConnectionTrackerTest.CreatesNewConnectionOnSYN
Command: "/home/endershade/Projects/raspberry-network-guardian/build/test_runner" "--gtest_filter=ConnectionTrackerTest.CreatesNewConnectionOnSYN" "--gtest_also_run_disabled_tests"
Directory: /home/endershade/Projects/raspberry-network-guardian/build
"ConnectionTrackerTest.CreatesNewConnectionOnSYN" start time: May 10 01:38 CEST
Output:
----------------------------------------------------------
Running main() from /home/endershade/Projects/raspberry-network-guardian/build/_deps/googletest-src/googletest/src/gtest_main.cc
Note: Google Test filter = ConnectionTrackerTest.CreatesNewConnectionOnSYN
[==========] Running 1 test from 1 test suite.
[----------] Global test environment set-up.
[----------] 1 test from ConnectionTrackerTest
[ RUN      ] ConnectionTrackerTest.CreatesNewConnectionOnSYN
[       OK ] ConnectionTrackerTest.CreatesNewConnectionOnSYN (0 ms)
[----------] 1 test from ConnectionTrackerTest (0 ms total)

[----------] Global test environment tear-down
[==========] 1 test from 1 test suite ran. (0 ms total)
[  PASSED  ] 1 test.
<end of output>
Test time =   0.00 sec
----------------------------------------------------------
Test Passed.
"ConnectionTrackerTest.CreatesNewConnectionOnSYN" end time: May 10 01:38 CEST
"ConnectionTrackerTest.CreatesNewConnectionOnSYN" time elapsed: 00:00:00
----------------------------------------------------------

4/15 Testing: ConnectionTrackerTest.CompletesHandshake
4/15 Test: ConnectionTrackerTest.CompletesHandshake
Command: "/home/endershade/Projects/raspberry-network-guardian/build/test_runner" "--gtest_filter=ConnectionTrackerTest.CompletesHandshake" "--gtest_also_run_disabled_tests"
Directory: /home/endershade/Projects/raspberry-network-guardian/build
"ConnectionTrackerTest.CompletesHandshake" start time: May 10 01:38 CEST
Output:
----------------------------------------------------------
Running main() from /home/endershade/Projects/raspberry-network-guardian/build/_deps/googletest-src/googletest/src/gtest_main.cc
Note: Google Test filter = ConnectionTrackerTest.CompletesHandshake
[==========] Running 1 test from 1 test suite.
[----------] Global test environment set-up.
[----------] 1 test from ConnectionTrackerTest
[ RUN      ] ConnectionTrackerTest.CompletesHandshake
[       OK ] ConnectionTrackerTest.CompletesHandshake (0 ms)
[----------] 1 test from ConnectionTrackerTest (0 ms total)

[----------] Global test environment tear-down
[==========] 1 test from 1 test suite ran. (0 ms total)
[  PASSED  ] 1 test.
<end of output>
Test time =   0.00 sec
----------------------------------------------------------
Test Passed.
"ConnectionTrackerTest.CompletesHandshake" end time: May 10 01:38 CEST
"ConnectionTrackerTest.CompletesHandshake" time elapsed: 00:00:00
----------------------------------------------------------

5/15 Testing: ConnectionTrackerTest.ClosesConnectionOnRST
5/15 Test: ConnectionTrackerTest.ClosesConnectionOnRST
Command: "/home/endershade/Projects/raspberry-network-guardian/build/test_runner" "--gtest_filter=ConnectionTrackerTest.ClosesConnectionOnRST" "--gtest_also_run_disabled_tests"
Directory: /home/endershade/Projects/raspberry-network-guardian/build
"ConnectionTrackerTest.ClosesConnectionOnRST" start time: May 10 01:38 CEST
Output:
----------------------------------------------------------
Running main() from /home/endershade/Projects/raspberry-network-guardian/build/_deps/googletest-src/googletest/src/gtest_main.cc
Note: Google Test filter = ConnectionTrackerTest.ClosesConnectionOnRST
[==========] Running 1 test from 1 test suite.
[----------] Global test environment set-up.
[----------] 1 test from ConnectionTrackerTest
[ RUN      ] ConnectionTrackerTest.ClosesConnectionOnRST
[       OK ] ConnectionTrackerTest.ClosesConnectionOnRST (0 ms)
[----------] 1 test from ConnectionTrackerTest (0 ms total)

[----------] Global test environment tear-down
[==========] 1 test from 1 test suite ran. (0 ms total)
[  PASSED  ] 1 test.
<end of output>
Test time =   0.00 sec
----------------------------------------------------------
Test Passed.
"ConnectionTrackerTest.ClosesConnectionOnRST" end time: May 10 01:38 CEST
"ConnectionTrackerTest.ClosesConnectionOnRST" time elapsed: 00:00:00
----------------------------------------------------------

6/15 Testing: ConnectionTrackerTest.TracksMultipleConnections
6/15 Test: ConnectionTrackerTest.TracksMultipleConnections
Command: "/home/endershade/Projects/raspberry-network-guardian/build/test_runner" "--gtest_filter=ConnectionTrackerTest.TracksMultipleConnections" "--gtest_also_run_disabled_tests"
Directory: /home/endershade/Projects/raspberry-network-guardian/build
"ConnectionTrackerTest.TracksMultipleConnections" start time: May 10 01:38 CEST
Output:
----------------------------------------------------------
Running main() from /home/endershade/Projects/raspberry-network-guardian/build/_deps/googletest-src/googletest/src/gtest_main.cc
Note: Google Test filter = ConnectionTrackerTest.TracksMultipleConnections
[==========] Running 1 test from 1 test suite.
[----------] Global test environment set-up.
[----------] 1 test from ConnectionTrackerTest
[ RUN      ] ConnectionTrackerTest.TracksMultipleConnections
[       OK ] ConnectionTrackerTest.TracksMultipleConnections (0 ms)
[----------] 1 test from ConnectionTrackerTest (0 ms total)

[----------] Global test environment tear-down
[==========] 1 test from 1 test suite ran. (0 ms total)
[  PASSED  ] 1 test.
<end of output>
Test time =   0.00 sec
----------------------------------------------------------
Test Passed.
"ConnectionTrackerTest.TracksMultipleConnections" end time: May 10 01:38 CEST
"ConnectionTrackerTest.TracksMultipleConnections" time elapsed: 00:00:00
----------------------------------------------------------

7/15 Testing: ConnectionTrackerTest.IgnoresInvalidAckAsFirstPacket
7/15 Test: ConnectionTrackerTest.IgnoresInvalidAckAsFirstPacket
Command: "/home/endershade/Projects/raspberry-network-guardian/build/test_runner" "--gtest_filter=ConnectionTrackerTest.IgnoresInvalidAckAsFirstPacket" "--gtest_also_run_disabled_tests"
Directory: /home/endershade/Projects/raspberry-network-guardian/build
"ConnectionTrackerTest.IgnoresInvalidAckAsFirstPacket" start time: May 10 01:38 CEST
Output:
----------------------------------------------------------
Running main() from /home/endershade/Projects/raspberry-network-guardian/build/_deps/googletest-src/googletest/src/gtest_main.cc
Note: Google Test filter = ConnectionTrackerTest.IgnoresInvalidAckAsFirstPacket
[==========] Running 1 test from 1 test suite.
[----------] Global test environment set-up.
[----------] 1 test from ConnectionTrackerTest
[ RUN      ] ConnectionTrackerTest.IgnoresInvalidAckAsFirstPacket
[       OK ] ConnectionTrackerTest.IgnoresInvalidAckAsFirstPacket (0 ms)
[----------] 1 test from ConnectionTrackerTest (0 ms total)

[----------] Global test environment tear-down
[==========] 1 test from 1 test suite ran. (0 ms total)
[  PASSED  ] 1 test.
<end of output>
Test time =   0.00 sec
----------------------------------------------------------
Test Passed.
"ConnectionTrackerTest.IgnoresInvalidAckAsFirstPacket" end time: May 10 01:38 CEST
"ConnectionTrackerTest.IgnoresInvalidAckAsFirstPacket" time elapsed: 00:00:00
----------------------------------------------------------

8/15 Testing: PacketTest.DefaultConstruction
8/15 Test: PacketTest.DefaultConstruction
Command: "/home/endershade/Projects/raspberry-network-guardian/build/test_runner" "--gtest_filter=PacketTest.DefaultConstruction" "--gtest_also_run_disabled_tests"
Directory: /home/endershade/Projects/raspberry-network-guardian/build
"PacketTest.DefaultConstruction" start time: May 10 01:38 CEST
Output:
----------------------------------------------------------
Running main() from /home/endershade/Projects/raspberry-network-guardian/build/_deps/googletest-src/googletest/src/gtest_main.cc
Note: Google Test filter = PacketTest.DefaultConstruction
[==========] Running 1 test from 1 test suite.
[----------] Global test environment set-up.
[----------] 1 test from PacketTest
[ RUN      ] PacketTest.DefaultConstruction
[       OK ] PacketTest.DefaultConstruction (0 ms)
[----------] 1 test from PacketTest (0 ms total)

[----------] Global test environment tear-down
[==========] 1 test from 1 test suite ran. (0 ms total)
[  PASSED  ] 1 test.
<end of output>
Test time =   0.00 sec
----------------------------------------------------------
Test Passed.
"PacketTest.DefaultConstruction" end time: May 10 01:38 CEST
"PacketTest.DefaultConstruction" time elapsed: 00:00:00
----------------------------------------------------------

9/15 Testing: RawSocketSnifferTest.CanConstruct
9/15 Test: RawSocketSnifferTest.CanConstruct
Command: "/home/endershade/Projects/raspberry-network-guardian/build/test_runner" "--gtest_filter=RawSocketSnifferTest.CanConstruct" "--gtest_also_run_disabled_tests"
Directory: /home/endershade/Projects/raspberry-network-guardian/build
"RawSocketSnifferTest.CanConstruct" start time: May 10 01:38 CEST
Output:
----------------------------------------------------------
Running main() from /home/endershade/Projects/raspberry-network-guardian/build/_deps/googletest-src/googletest/src/gtest_main.cc
Note: Google Test filter = RawSocketSnifferTest.CanConstruct
[==========] Running 1 test from 1 test suite.
[----------] Global test environment set-up.
[----------] 1 test from RawSocketSnifferTest
[ RUN      ] RawSocketSnifferTest.CanConstruct
[       OK ] RawSocketSnifferTest.CanConstruct (0 ms)
[----------] 1 test from RawSocketSnifferTest (0 ms total)

[----------] Global test environment tear-down
[==========] 1 test from 1 test suite ran. (0 ms total)
[  PASSED  ] 1 test.
<end of output>
Test time =   0.00 sec
----------------------------------------------------------
Test Passed.
"RawSocketSnifferTest.CanConstruct" end time: May 10 01:38 CEST
"RawSocketSnifferTest.CanConstruct" time elapsed: 00:00:00
----------------------------------------------------------

10/15 Testing: RawSocketSnifferTest.CanSetCallback
10/15 Test: RawSocketSnifferTest.CanSetCallback
Command: "/home/endershade/Projects/raspberry-network-guardian/build/test_runner" "--gtest_filter=RawSocketSnifferTest.CanSetCallback" "--gtest_also_run_disabled_tests"
Directory: /home/endershade/Projects/raspberry-network-guardian/build
"RawSocketSnifferTest.CanSetCallback" start time: May 10 01:38 CEST
Output:
----------------------------------------------------------
Running main() from /home/endershade/Projects/raspberry-network-guardian/build/_deps/googletest-src/googletest/src/gtest_main.cc
Note: Google Test filter = RawSocketSnifferTest.CanSetCallback
[==========] Running 1 test from 1 test suite.
[----------] Global test environment set-up.
[----------] 1 test from RawSocketSnifferTest
[ RUN      ] RawSocketSnifferTest.CanSetCallback
[       OK ] RawSocketSnifferTest.CanSetCallback (0 ms)
[----------] 1 test from RawSocketSnifferTest (0 ms total)

[----------] Global test environment tear-down
[==========] 1 test from 1 test suite ran. (0 ms total)
[  PASSED  ] 1 test.
<end of output>
Test time =   0.00 sec
----------------------------------------------------------
Test Passed.
"RawSocketSnifferTest.CanSetCallback" end time: May 10 01:38 CEST
"RawSocketSnifferTest.CanSetCallback" time elapsed: 00:00:00
----------------------------------------------------------

11/15 Testing: RawSocketSnifferTest.StartFailsOnInvalidInterface
11/15 Test: RawSocketSnifferTest.StartFailsOnInvalidInterface
Command: "/home/endershade/Projects/raspberry-network-guardian/build/test_runner" "--gtest_filter=RawSocketSnifferTest.StartFailsOnInvalidInterface" "--gtest_also_run_disabled_tests"
Directory: /home/endershade/Projects/raspberry-network-guardian/build
"RawSocketSnifferTest.StartFailsOnInvalidInterface" start time: May 10 01:38 CEST
Output:
----------------------------------------------------------
Running main() from /home/endershade/Projects/raspberry-network-guardian/build/_deps/googletest-src/googletest/src/gtest_main.cc
Note: Google Test filter = RawSocketSnifferTest.StartFailsOnInvalidInterface
[==========] Running 1 test from 1 test suite.
[----------] Global test environment set-up.
[----------] 1 test from RawSocketSnifferTest
[ RUN      ] RawSocketSnifferTest.StartFailsOnInvalidInterface
socket: Operation not permitted
[       OK ] RawSocketSnifferTest.StartFailsOnInvalidInterface (0 ms)
[----------] 1 test from RawSocketSnifferTest (0 ms total)

[----------] Global test environment tear-down
[==========] 1 test from 1 test suite ran. (0 ms total)
[  PASSED  ] 1 test.
<end of output>
Test time =   0.00 sec
----------------------------------------------------------
Test Passed.
"RawSocketSnifferTest.StartFailsOnInvalidInterface" end time: May 10 01:38 CEST
"RawSocketSnifferTest.StartFailsOnInvalidInterface" time elapsed: 00:00:00
----------------------------------------------------------

12/15 Testing: RawSocketSnifferTest.StopWithoutStartDoesNotCrash
12/15 Test: RawSocketSnifferTest.StopWithoutStartDoesNotCrash
Command: "/home/endershade/Projects/raspberry-network-guardian/build/test_runner" "--gtest_filter=RawSocketSnifferTest.StopWithoutStartDoesNotCrash" "--gtest_also_run_disabled_tests"
Directory: /home/endershade/Projects/raspberry-network-guardian/build
"RawSocketSnifferTest.StopWithoutStartDoesNotCrash" start time: May 10 01:38 CEST
Output:
----------------------------------------------------------
Running main() from /home/endershade/Projects/raspberry-network-guardian/build/_deps/googletest-src/googletest/src/gtest_main.cc
Note: Google Test filter = RawSocketSnifferTest.StopWithoutStartDoesNotCrash
[==========] Running 1 test from 1 test suite.
[----------] Global test environment set-up.
[----------] 1 test from RawSocketSnifferTest
[ RUN      ] RawSocketSnifferTest.StopWithoutStartDoesNotCrash
[       OK ] RawSocketSnifferTest.StopWithoutStartDoesNotCrash (0 ms)
[----------] 1 test from RawSocketSnifferTest (0 ms total)

[----------] Global test environment tear-down
[==========] 1 test from 1 test suite ran. (0 ms total)
[  PASSED  ] 1 test.
<end of output>
Test time =   0.00 sec
----------------------------------------------------------
Test Passed.
"RawSocketSnifferTest.StopWithoutStartDoesNotCrash" end time: May 10 01:38 CEST
"RawSocketSnifferTest.StopWithoutStartDoesNotCrash" time elapsed: 00:00:00
----------------------------------------------------------

13/15 Testing: ConnectionTrackerBasicTest.StartsEmpty
13/15 Test: ConnectionTrackerBasicTest.StartsEmpty
Command: "/home/endershade/Projects/raspberry-network-guardian/build/test_runner" "--gtest_filter=ConnectionTrackerBasicTest.StartsEmpty" "--gtest_also_run_disabled_tests"
Directory: /home/endershade/Projects/raspberry-network-guardian/build
"ConnectionTrackerBasicTest.StartsEmpty" start time: May 10 01:38 CEST
Output:
----------------------------------------------------------
Running main() from /home/endershade/Projects/raspberry-network-guardian/build/_deps/googletest-src/googletest/src/gtest_main.cc
Note: Google Test filter = ConnectionTrackerBasicTest.StartsEmpty
[==========] Running 1 test from 1 test suite.
[----------] Global test environment set-up.
[----------] 1 test from ConnectionTrackerBasicTest
[ RUN      ] ConnectionTrackerBasicTest.StartsEmpty
[       OK ] ConnectionTrackerBasicTest.StartsEmpty (0 ms)
[----------] 1 test from ConnectionTrackerBasicTest (0 ms total)

[----------] Global test environment tear-down
[==========] 1 test from 1 test suite ran. (0 ms total)
[  PASSED  ] 1 test.
<end of output>
Test time =   0.00 sec
----------------------------------------------------------
Test Passed.
"ConnectionTrackerBasicTest.StartsEmpty" end time: May 10 01:38 CEST
"ConnectionTrackerBasicTest.StartsEmpty" time elapsed: 00:00:00
----------------------------------------------------------

14/15 Testing: RawSocketSnifferIntegrationTest.CaptureLoopbackTraffic
14/15 Test: RawSocketSnifferIntegrationTest.CaptureLoopbackTraffic
Command: "/home/endershade/Projects/raspberry-network-guardian/build/test_runner" "--gtest_filter=RawSocketSnifferIntegrationTest.CaptureLoopbackTraffic" "--gtest_also_run_disabled_tests"
Directory: /home/endershade/Projects/raspberry-network-guardian/build
"RawSocketSnifferIntegrationTest.CaptureLoopbackTraffic" start time: May 10 01:38 CEST
Output:
----------------------------------------------------------
Running main() from /home/endershade/Projects/raspberry-network-guardian/build/_deps/googletest-src/googletest/src/gtest_main.cc
Note: Google Test filter = RawSocketSnifferIntegrationTest.CaptureLoopbackTraffic
[==========] Running 1 test from 1 test suite.
[----------] Global test environment set-up.
[----------] 1 test from RawSocketSnifferIntegrationTest
[ RUN      ] RawSocketSnifferIntegrationTest.CaptureLoopbackTraffic
socket: Operation not permitted
/home/endershade/Projects/raspberry-network-guardian/tests/integration/test_sniffer_loopback.cpp:24: Skipped
Raw socket requires sudo/root

[  SKIPPED ] RawSocketSnifferIntegrationTest.CaptureLoopbackTraffic (0 ms)
[----------] 1 test from RawSocketSnifferIntegrationTest (0 ms total)

[----------] Global test environment tear-down
[==========] 1 test from 1 test suite ran. (0 ms total)
[  PASSED  ] 0 tests.
[  SKIPPED ] 1 test, listed below:
[  SKIPPED ] RawSocketSnifferIntegrationTest.CaptureLoopbackTraffic
<end of output>
Test time =   0.00 sec
----------------------------------------------------------
Test Pass Reason:
Skip regular expression found in output. Regex=[\[  SKIPPED \]]
"RawSocketSnifferIntegrationTest.CaptureLoopbackTraffic" end time: May 10 01:38 CEST
"RawSocketSnifferIntegrationTest.CaptureLoopbackTraffic" time elapsed: 00:00:00
----------------------------------------------------------

15/15 Testing: RawSocketSnifferIntegrationTest.StartAndStopRealSocket
15/15 Test: RawSocketSnifferIntegrationTest.StartAndStopRealSocket
Command: "/home/endershade/Projects/raspberry-network-guardian/build/test_runner" "--gtest_filter=RawSocketSnifferIntegrationTest.StartAndStopRealSocket" "--gtest_also_run_disabled_tests"
Directory: /home/endershade/Projects/raspberry-network-guardian/build
"RawSocketSnifferIntegrationTest.StartAndStopRealSocket" start time: May 10 01:38 CEST
Output:
----------------------------------------------------------
Running main() from /home/endershade/Projects/raspberry-network-guardian/build/_deps/googletest-src/googletest/src/gtest_main.cc
Note: Google Test filter = RawSocketSnifferIntegrationTest.StartAndStopRealSocket
[==========] Running 1 test from 1 test suite.
[----------] Global test environment set-up.
[----------] 1 test from RawSocketSnifferIntegrationTest
[ RUN      ] RawSocketSnifferIntegrationTest.StartAndStopRealSocket
socket: Operation not permitted
/home/endershade/Projects/raspberry-network-guardian/tests/integration/test_sniffer_start_stop.cpp:12: Skipped
Need root privileges

[  SKIPPED ] RawSocketSnifferIntegrationTest.StartAndStopRealSocket (0 ms)
[----------] 1 test from RawSocketSnifferIntegrationTest (0 ms total)

[----------] Global test environment tear-down
[==========] 1 test from 1 test suite ran. (0 ms total)
[  PASSED  ] 0 tests.
[  SKIPPED ] 1 test, listed below:
[  SKIPPED ] RawSocketSnifferIntegrationTest.StartAndStopRealSocket
<end of output>
Test time =   0.00 sec
----------------------------------------------------------
Test Pass Reason:
Skip regular expression found in output. Regex=[\[  SKIPPED \]]
"RawSocketSnifferIntegrationTest.StartAndStopRealSocket" end time: May 10 01:38 CEST
"RawSocketSnifferIntegrationTest.StartAndStopRealSocket" time elapsed: 00:00:00
----------------------------------------------------------

End testing: May 10 01:38 CEST
